This is e-TeX, Version 3.141592-2.2 (MiKTeX 2.4) (preloaded format=latex 2005.4.13)  15 APR 2005 19:26
entering extended mode
**skript.latex
(skript.latex
LaTeX2e <2003/12/01>
Babel <v3.8a> and hyphenation patterns for english, french, german, ngerman, dumylang, nohyphenation, loaded.
(C:\texmf\tex\latex\koma-script\scrreprt.cls
Document Class: scrreprt 2004/01/07 v2.9p LaTeX2e KOMA document class
(C:\texmf\tex\latex\koma-script\scrlfile.sty
Package: scrlfile 2004/01/07 v2.9p LaTeX2e KOMA package

Package scrlfile, 2004/01/07 v2.9p LaTeX2e KOMA package
                  Copyright (C) Markus Kohm

) (C:\texmf\tex\latex\base\size11.clo
File: size11.clo 2004/02/16 v1.4f Standard LaTeX file (size option)
) (C:\texmf\tex\latex\koma-script\typearea.sty
Package: typearea 2004/01/07 v2.9p LaTeX2e KOMA package

Package typearea, 2004/01/07 v2.9p LaTeX2e KOMA package
                  Copyright (C) Frank Neukam, 1992-1994
                  Copyright (C) Markus Kohm, 1994-2002

\ta@bcor=\skip41
\ta@div=\count79
\ta@hblk=\skip42
\ta@vblk=\skip43
\ta@temp=\skip44
Package typearea Info: These are the values describing the layout:
(typearea)             DIV  = 10
(typearea)             BCOR = 0.0pt
(typearea)             \paperwidth      = 597.50793pt
(typearea)              \textwidth      = 418.25555pt
(typearea)              DIV-departure   = -6/100
(typearea)              \evensidemargin = 47.2316pt
(typearea)              \oddsidemargin  = -12.5192pt
(typearea)             \paperheight     = 845.04694pt
(typearea)              \textheight     = 595.80026pt
(typearea)              \topmargin      = -25.16531pt
(typearea)              \headheight     = 17.0pt
(typearea)              \headsep        = 20.40001pt
(typearea)              \topskip        = 11.0pt
(typearea)              \footskip       = 47.60002pt
(typearea)              \baselineskip   = 13.6pt
(typearea)              on input line 625.
)
\c@part=\count80
\c@chapter=\count81
\c@section=\count82
\c@subsection=\count83
\c@subsubsection=\count84
\c@paragraph=\count85
\c@subparagraph=\count86
\c@figure=\count87
\c@table=\count88
\abovecaptionskip=\skip45
\belowcaptionskip=\skip46
\c@pti@nb@sid@b@x=\box26
\bibindent=\dimen102
) (C:\texmf\tex\latex\base\ifthen.sty
Package: ifthen 2001/05/26 v1.1c Standard LaTeX ifthen package (DPC)
) (C:\texmf\tex\latex\graphics\graphics.sty
Package: graphics 2001/07/07 v1.0n Standard LaTeX Graphics (DPC,SPQR)
 (C:\texmf\tex\latex\graphics\trig.sty
Package: trig 1999/03/16 v1.09 sin cos tan (DPC)
) (C:\texmf\tex\latex\00miktex\graphics.cfg
File: graphics.cfg 2003/03/12 v1.1 MiKTeX 'graphics' configuration
)
Package graphics Info: Driver file: dvips.def on input line 80.
 (C:\texmf\tex\latex\graphics\dvips.def
File: dvips.def 1999/02/16 v3.0i Driver-dependant file (DPC,SPQR)
))
(C:\texmf\tex\latex\graphics\color.sty
Package: color 1999/02/16 v1.0i Standard LaTeX Color (DPC)
 (C:\texmf\tex\latex\00miktex\color.cfg
File: color.cfg 2003/03/08 v1.0 MiKTeX 'color' configuration
)
Package color Info: Driver file: dvips.def on input line 125.
 (C:\texmf\tex\latex\graphics\dvipsnam.def
File: dvipsnam.def 1999/02/16 v3.0i Driver-dependant file (DPC,SPQR)
)) (C:\texmf\tex\latex\fancyvrb\fancyvrb.sty
Package: fancyvrb 1998/07/17
 Style option: `fancyvrb' v2.6, with DG/SPQR fixes <1998/07/17> (tvz)
(C:\texmf\tex\latex\graphics\keyval.sty
Package: keyval 1999/03/16 v1.13 key=value parser (DPC)
\KV@toks@=\toks14
)
\FV@CodeLineNo=\count89
\FV@InFile=\read1
\FV@TabBox=\box27
\c@FancyVerbLine=\count90
\FV@StepNumber=\count91
\FV@OutFile=\write3

No file fancyvrb.cfg.
) (C:\texmf\tex\latex\german\ngerman.sty v2.5e 1998-07-08
Package: ngerman 1998/07/08 v2.5e Support for writing german texts (br)
\grmnU@D=\dimen103
ngerman -- \language number for naustrian undefined, default 3 used.
) (C:\texmf\tex\latex\graphics\graphicx.sty
Package: graphicx 1999/02/16 v1.0f Enhanced LaTeX Graphics (DPC,SPQR)
\Gin@req@height=\dimen104
\Gin@req@width=\dimen105
)
(C:\texmf\tex\latex\amsfonts\amssymb.sty
Package: amssymb 2002/01/22 v2.2d
 (C:\texmf\tex\latex\amsfonts\amsfonts.sty
Package: amsfonts 2001/10/25 v2.2f
\@emptytoks=\toks15
\symAMSa=\mathgroup4
\symAMSb=\mathgroup5
LaTeX Font Info:    Overwriting math alphabet `\mathfrak' in version `bold'
(Font)                  U/euf/m/n --> U/euf/b/n on input line 132.
))
(C:\texmf\tex\latex\amsmath\amsmath.sty
Package: amsmath 2000/07/18 v2.13 AMS math features
\@mathmargin=\skip47

For additional information on amsmath, use the `?' option.
(C:\texmf\tex\latex\amsmath\amstext.sty
Package: amstext 2000/06/29 v2.01
 (C:\texmf\tex\latex\amsmath\amsgen.sty
File: amsgen.sty 1999/11/30 v2.0
\@emptytoks=\toks16
\ex@=\dimen106
)) (C:\texmf\tex\latex\amsmath\amsbsy.sty
Package: amsbsy 1999/11/29 v1.2d
\pmbraise@=\dimen107
) (C:\texmf\tex\latex\amsmath\amsopn.sty
Package: amsopn 1999/12/14 v2.01 operator names
)
\inf@bad=\count92
LaTeX Info: Redefining \frac on input line 211.
\uproot@=\count93
\leftroot@=\count94
LaTeX Info: Redefining \overline on input line 307.
\classnum@=\count95
\DOTSCASE@=\count96
LaTeX Info: Redefining \ldots on input line 379.
LaTeX Info: Redefining \dots on input line 382.
LaTeX Info: Redefining \cdots on input line 467.
\Mathstrutbox@=\box28
\strutbox@=\box29
\big@size=\dimen108
LaTeX Font Info:    Redeclaring font encoding OML on input line 567.
LaTeX Font Info:    Redeclaring font encoding OMS on input line 568.
\macc@depth=\count97
\c@MaxMatrixCols=\count98
\dotsspace@=\muskip10
\c@parentequation=\count99
\dspbrk@lvl=\count100
\tag@help=\toks17
\row@=\count101
\column@=\count102
\maxfields@=\count103
\andhelp@=\toks18
\eqnshift@=\dimen109
\alignsep@=\dimen110
\tagshift@=\dimen111
\tagwidth@=\dimen112
\totwidth@=\dimen113
\lineht@=\dimen114
\@envbody=\toks19
\multlinegap=\skip48
\multlinetaggap=\skip49
\mathdisplay@stack=\toks20
LaTeX Info: Redefining \[ on input line 2666.
LaTeX Info: Redefining \] on input line 2667.
) (C:\texmf\tex\latex\paralist\paralist.sty
Package: paralist 2002/03/18 v2.3b Extended list environments (BS)
\pltopsep=\skip50
\plpartopsep=\skip51
\plitemsep=\skip52
\plparsep=\skip53
\pl@lab=\toks21
)
(C:\texmf\tex\latex\base\inputenc.sty
Package: inputenc 2004/02/05 v1.0d Input encoding file
 (C:\texmf\tex\latex\base\latin1.def
File: latin1.def 2004/02/05 v1.0d Input encoding file
)) (C:\texmf\tex\latex\base\fontenc.sty
Package: fontenc 2004/02/22 v1.99f Standard LaTeX package

(C:\texmf\tex\latex\base\t1enc.def
File: t1enc.def 2004/02/22 v1.99f Standard LaTeX file
LaTeX Font Info:    Redeclaring font encoding T1 on input line 43.
)) (C:\texmf\tex\latex\ae\ae.sty
Package: ae 2001/02/12 1.3 Almost European Computer Modern
 (C:\texmf\tex\latex\base\fontenc.sty
Package: fontenc 2004/02/22 v1.99f Standard LaTeX package

(C:\texmf\tex\latex\base\t1enc.def
File: t1enc.def 2004/02/22 v1.99f Standard LaTeX file
LaTeX Font Info:    Redeclaring font encoding T1 on input line 43.
)
LaTeX Font Info:    Try loading font information for T1+aer on input line 100.
 (C:\texmf\tex\latex\ae\t1aer.fd
File: t1aer.fd 1997/11/16 Font definitions for T1/aer.
))) (C:\texmf\tex\latex\tools\xspace.sty
Package: xspace 1997/10/13 v1.06 Space after command names (DPC)
)
(C:\texmf\tex\latex\hyperref\hyperref.sty
Package: hyperref 2003/11/30 v6.74m Hypertext links for LaTeX
\@linkdim=\dimen115
\Hy@linkcounter=\count104
\Hy@pagecounter=\count105
 (C:\texmf\tex\latex\hyperref\pd1enc.def
File: pd1enc.def 2003/11/30 v6.74m Hyperref: PDFDocEncoding definition (HO)
)
(C:\texmf\tex\latex\00miktex\hyperref.cfg
File: hyperref.cfg 2003/03/08 v1.0 MiKTeX 'hyperref' configuration
)
Package hyperref Info: Option `draft' set `false' on input line 1830.
Package hyperref Info: Option `colorlinks' set `true' on input line 1830.
Package hyperref Info: Option `bookmarksnumbered' set `true' on input line 1830.
Package hyperref Info: Hyper figures OFF on input line 1880.
Package hyperref Info: Link nesting OFF on input line 1885.
Package hyperref Info: Hyper index ON on input line 1888.
Package hyperref Info: Plain pages ON on input line 1893.
Package hyperref Info: Backreferencing OFF on input line 1900.

Implicit mode ON; LaTeX internals redefined
Package hyperref Info: Bookmarks ON on input line 2004.
(C:\texmf\tex\latex\ltxmisc\url.sty
\Urlmuskip=\muskip11
Package: url 2004/03/15  ver 3.1  Verb mode for urls, etc.
)
LaTeX Info: Redefining \url on input line 2143.
\Fld@menulength=\count106
\Field@Width=\dimen116
\Fld@charsize=\dimen117
\Choice@toks=\toks22
\Field@toks=\toks23
Package hyperref Info: Hyper figures OFF on input line 2618.
Package hyperref Info: Link nesting OFF on input line 2623.
Package hyperref Info: Hyper index ON on input line 2626.
Package hyperref Info: backreferencing OFF on input line 2633.
Package hyperref Info: Link coloring ON on input line 2636.
\c@Item=\count107
\c@Hfootnote=\count108
)
*hyperref using default driver hypertex*
(C:\texmf\tex\latex\hyperref\hypertex.def
File: hypertex.def 2003/11/30 v6.74m Hyperref driver for HyperTeX specials
) (C:\texmf\tex\latex\ntheorem\ntheorem.sty
Style `ntheorem', Version 1.203 <2002/01/07>
Package: ntheorem 2002/01/07 1.203
\theorem@style=\toks24
\theorem@@style=\toks25
\theorembodyfont=\toks26
\theoremnumbering=\toks27
\theorempreskipamount=\skip54
\theorempostskipamount=\skip55
\theoremindent=\dimen118
\theorem@indent=\dimen119
\theoremheaderfont=\toks28
\theoremseparator=\toks29
\theoremsymbol=\toks30
\qedsymbol=\toks31
\theoremkeyword=\toks32
\qedsymbol=\toks33
\thm@topsepadd=\skip56
Package ntheorem Info: Option `thmmarks' loaded on input line 975.
\c@endNonectr=\count109
\c@currNonectr=\count110
\mysavskip=\skip57
Package ntheorem Info: Option `thref' loaded on input line 975.
\mysavskip=\skip58
Package ntheorem Info: option `amsmath' handling for `thref' loaded on input line 975.
Package ntheorem Info: option `amsmath' handling for `thmmarks' loaded on input line 975.
\thm@amstmpdepth=\dimen120
)
\c@currsatzctr=\count111
\c@endsatzctr=\count112
\c@satz=\count113
\c@currbemerkctr=\count114
\c@endbemerkctr=\count115
\c@bemerk=\count116
\c@currlemmactr=\count117
\c@endlemmactr=\count118
\c@lemma=\count119
\c@currbspctr=\count120
\c@endbspctr=\count121
\c@bsp=\count122
\c@currfolgerctr=\count123
\c@endfolgerctr=\count124
\c@folger=\count125
\c@currdefinictr=\count126
\c@enddefinictr=\count127
\c@defini=\count128
\c@currvereinctr=\count129
\c@endvereinctr=\count130
\c@verein=\count131
\c@currproofctr=\count132
\c@endproofctr=\count133
\c@proof=\count134
\@indexfile=\write4

Writing index file skript.idx
(skript.aux)
LaTeX Font Info:    Checking defaults for OML/cmm/m/it on input line 124.
LaTeX Font Info:    ... okay on input line 124.
LaTeX Font Info:    Checking defaults for T1/cmr/m/n on input line 124.
LaTeX Font Info:    ... okay on input line 124.
LaTeX Font Info:    Checking defaults for OT1/cmr/m/n on input line 124.
LaTeX Font Info:    ... okay on input line 124.
LaTeX Font Info:    Checking defaults for OMS/cmsy/m/n on input line 124.
LaTeX Font Info:    ... okay on input line 124.
LaTeX Font Info:    Checking defaults for OMX/cmex/m/n on input line 124.
LaTeX Font Info:    ... okay on input line 124.
LaTeX Font Info:    Checking defaults for U/cmr/m/n on input line 124.
LaTeX Font Info:    ... okay on input line 124.
LaTeX Font Info:    Checking defaults for PD1/pdf/m/n on input line 124.
LaTeX Font Info:    ... okay on input line 124.
Package hyperref Info: Link coloring ON on input line 124.
 (C:\texmf\tex\latex\hyperref\nameref.sty
Package: nameref 2003/12/03 v2.21 Cross-referencing by name of section
\c@section@level=\count135
)
LaTeX Info: Redefining \ref on input line 124.
LaTeX Info: Redefining \pageref on input line 124.
LaTeX Font Info:    Try loading font information for T1+aess on input line 130.
 (C:\texmf\tex\latex\ae\t1aess.fd
File: t1aess.fd 1997/11/16 Font definitions for T1/aess.
)
LaTeX Font Info:    Try loading font information for U+msa on input line 130.

(C:\texmf\tex\latex\amsfonts\umsa.fd
File: umsa.fd 2002/01/19 v2.2g AMS font definitions
)
LaTeX Font Info:    Try loading font information for U+msb on input line 130.
 (C:\texmf\tex\latex\amsfonts\umsb.fd
File: umsb.fd 2002/01/19 v2.2g AMS font definitions
) [1


] [2

] (skript.toc)
\tf@toc=\write5
 [3

] [4


]
Kapitel 1.
LaTeX Font Info:    Try loading font information for OMS+aer on input line 155.
(C:\texmf\tex\latex\ae\omsaer.fd
File: omsaer.fd 1999/12/27
)
LaTeX Font Info:    Font shape `OMS/aer/m/n' in size <10.95> not available
(Font)              Font shape `OMS/cmsy/m/n' tried instead on input line 155.
Package hyperref Info: bookmark level for unknown defini defaults to 0 on input line 180.

Underfull \hbox (badness 10000) in paragraph at lines 180--183

 []

Package hyperref Info: bookmark level for unknown satz defaults to 0 on input line 190.
[5

]
Package hyperref Info: bookmark level for unknown proof defaults to 0 on input line 193.
Package hyperref Info: bookmark level for unknown bemerk defaults to 0 on input line 201.

Underfull \hbox (badness 10000) in paragraph at lines 212--213

 []

(figures/dag_parallel.pdf_t

! LaTeX Error: Cannot determine size of graphic in figures/dag_parallel.pdf (no BoundingBox).

See the LaTeX manual or LaTeX Companion for explanation.
Type  H <return>  for immediate help.
 ...                                              
                                                  
l.2 \includegraphics{figures/dag_parallel.pdf}
                                              %
Try typing  <return>  to proceed.
If that doesn't work, type  X <return>  to quit.

File: figures/dag_parallel.pdf Graphic file (type eps)
<figures/dag_parallel.pdf>
LaTeX Font Info:    Try loading font information for T1+aett on input line 14.
 (C:\texmf\tex\latex\ae\t1aett.fd
File: t1aett.fd 1997/11/16 Font definitions for T1/aett.
)) [6] [7] [8] [9]
Package hyperref Info: bookmark level for unknown folger defaults to 0 on input line 448.
 [10]
Kapitel 2.

Overfull \hbox (30.65527pt too wide) in paragraph at lines 494--497
[][]\T1/aer/m/n/10.95 Anfang: W(8)=W(13)=0, W(rest)=1 1. It.: W(1,2,3,4,5,9,10,11)=2 W(6,7,12)=1, W(8,13)=0
 []

[11

] [12]
Overfull \hbox (64.42068pt too wide) in paragraph at lines 599--603
[][]\T1/aer/m/n/10.95 Beisp.: A=(3,5,7), B=(2,4,6) Rang(2:A) = 0 Rang(2:B)=1 Rang(2:A$\OMS/cmsy/m/n/10.95 [$\T1/aer/m/n/
10.95 B)=1=Rang(2:A)+Rang(2:B) 
 []

[13]
Overfull \hbox (8.76277pt too wide) in paragraph at lines 679--682
[][]\T1/aer/m/n/10.95 Wie teu-er? tri-vi-al: WORK $\OT1/cmr/m/n/10.95 = \OML/cmm/m/it/10.95 O\OT1/cmr/m/n/10.95 (\OML/cm
m/m/it/10.95 n \OT1/cmr/m/n/10.95 + \OML/cmm/m/it/10.95 m\OT1/cmr/m/n/10.95 )$ \T1/aer/m/n/10.95 (mit se-ri-el-len mi-sc
hen je-weils), TI-ME? |$\OML/cmm/m/it/10.95 B[]$\T1/aer/m/n/10.95 |=$[] \OML/cmm/m/it/10.95 m$
 []

[14] [15]
Overfull \hbox (48.82912pt too wide) in paragraph at lines 794--797
[][]\T1/aer/m/n/10.95 Spezialfall ei-nes Sat-zes: Def.: $\OML/cmm/m/it/10.95 n$\T1/aer/m/n/10.95 -stell. Bool-sche Fnkt.
 $\OML/cmm/m/it/10.95 f[] \OT1/cmr/m/n/10.95 : \OMS/cmsy/m/n/10.95 f\OT1/cmr/m/n/10.95 0\OML/cmm/m/it/10.95 ; \OT1/cmr/m
/n/10.95 1\OMS/cmsy/m/n/10.95 g[] ! f\OT1/cmr/m/n/10.95 0\OML/cmm/m/it/10.95 ; \OT1/cmr/m/n/10.95 1\OMS/cmsy/m/n/10.95 g
\OML/cmm/m/it/10.95 I \OT1/cmr/m/n/10.95 = (\OML/cmm/m/it/10.95 x[]; [] ; x[]\OT1/cmr/m/n/10.95 ); \OML/cmm/m/it/10.95 I
\OT1/cmr/m/n/10.95 (\OML/cmm/m/it/10.95 i\OT1/cmr/m/n/10.95 ) :=
 []

Package hyperref Info: bookmark level for unknown lemma defaults to 0 on input line 821.
[16] [17] [18] [19]
Kapitel 3.
[20

] [21]
Overfull \hbox (900.90623pt too wide) in paragraph at lines 1177--1199
[][][] 
 []


Overfull \hbox (5.92288pt too wide) in paragraph at lines 1224--1226
[][]\T1/aer/m/n/10.95 Ein zu-sam-men-hän-gen-der Graph ist Euler-Graph $\OMS/cmsy/m/n/10.95 ,$ $8\OML/cmm/m/it/10.95 v \
OMS/cmsy/m/n/10.95 2 \OML/cmm/m/it/10.95 V \OT1/cmr/m/n/10.95 : \OML/cmm/m/it/10.95 Indegree\OT1/cmr/m/n/10.95 (\OML/cmm
/m/it/10.95 v\OT1/cmr/m/n/10.95 ) = \OML/cmm/m/it/10.95 Outdegree\OT1/cmr/m/n/10.95 (\OML/cmm/m/it/10.95 v\OT1/cmr/m/n/1
0.95 )$ 
 []


Overfull \hbox (71.68517pt too wide) in paragraph at lines 1233--1236
[][]\T1/aer/m/n/10.95 Beispiel für eu-ler-kreis: <1,2>$\OMS/cmsy/m/n/10.95 !$\T1/aer/m/n/10.95 <2,5>$\OMS/cmsy/m/n/10.95
 !$\T1/aer/m/n/10.95 <5,2>$\OMS/cmsy/m/n/10.95 !$\T1/aer/m/n/10.95 <2,6>$\OMS/cmsy/m/n/10.95 !$\T1/aer/m/n/10.95 <6,2> $
\OMS/cmsy/m/n/10.95 !$\T1/aer/m/n/10.95 <2,7>...<3,1>$\OMS/cmsy/m/n/10.95 !$\T1/aer/m/n/10.95 <1,4>$\OMS/cmsy/m/n/10.95 
!$\T1/aer/m/n/10.95 <4,1> 
 []

[22]
Package hyperref Info: bookmark level for unknown bsp defaults to 0 on input line 1251.
 [23]
Overfull \hbox (15.9984pt too wide) in paragraph at lines 1329--1333
[][]\T1/aer/m/n/10.95 B = $\OML/cmm/m/it/10.95 b[]; [] ; b[] \OT1/cmr/m/n/10.95 = \OML/cmm/m/it/10.95 b[]$ \T1/aer/m/n/1
0.95 B = $\OML/cmm/m/it/10.95 b[]; [] ; b[]; [] ; b[]; [] ; b[]$ \T1/aer/m/n/10.95 {$\OML/cmm/m/it/10.95 b[]; b[]; [] ; 
b[]; b[]\OMS/cmsy/m/n/10.95 g$ \T1/aer/m/n/10.95 Sei $\OML/cmm/m/it/10.95 v \OT1/cmr/m/n/10.95 = \OML/cmm/m/it/10.95 LCA
\OT1/cmr/m/n/10.95 (\OML/cmm/m/it/10.95 b[]; b[]\OT1/cmr/m/n/10.95 )$ 
 []


Overfull \hbox (2.17308pt too wide) in paragraph at lines 1343--1345
[][]\T1/aer/m/n/10.95 Vorteil die-ses Mal: Die Mi-nu-ma lie-gen am Rand. Min($\OML/cmm/m/it/10.95 b[]; [] ; b[]\OT1/cmr/
m/n/10.95 )$ \T1/aer/m/n/10.95 ist ein Suffix-Minimum,
 []


Overfull \hbox (14.51619pt too wide) in paragraph at lines 1381--1383
[][]\T1/aer/m/n/10.95 Im Par-al-le-len gilt: LCA geht in $\OML/cmm/m/it/10.95 O\OT1/cmr/m/n/10.95 ([] \OML/cmm/m/it/10.9
5 n\OT1/cmr/m/n/10.95 )$ \T1/aer/m/n/10.95 TI-ME op-ti-mal Range-Minima geht in $\OML/cmm/m/it/10.95 O\OT1/cmr/m/n/10.95
 ([] [] \OML/cmm/m/it/10.95 n\OT1/cmr/m/n/10.95 )$
 []

[24] [25]
Kapitel 4.
[26

] [27]
Overfull \hbox (16.23836pt too wide) in paragraph at lines 1596--1598
[][]\T1/aer/m/n/10.95 Merge(A',B') in $\OML/cmm/m/it/10.95 O\OT1/cmr/m/n/10.95 ([] [] \OML/cmm/m/it/10.95 n\OT1/cmr/m/n/
10.95 )$ \T1/aer/m/n/10.95 TI-ME mit $\OML/cmm/m/it/10.95 O\OT1/cmr/m/n/10.95 (\OML/cmm/m/it/10.95 n\OT1/cmr/m/n/10.95 )
$ \T1/aer/m/n/10.95 WORK ($\OML/cmm/m/it/10.95 O\OT1/cmr/m/n/10.95 (\OML/cmm/m/it/10.95 n\OT1/cmr/m/n/10.95 ) = \OML/cmm
/m/it/10.95 O\OT1/cmr/m/n/10.95 (\OML/cmm/m/it/10.95 n [] [] n= [] [] n\OT1/cmr/m/n/10.95 )$\T1/aer/m/n/10.95 ) 
 []

[28]
Package hyperref Info: bookmark level for unknown verein defaults to 0 on input line 1640.

Overfull \hbox (40.28618pt too wide) in paragraph at lines 1645--1647
[][]\T1/aer/m/n/10.95 Trivial gilt: Sor-tie-ren geht mit der Idee des Baum-pa-ra-dig-mas (merge-sort) in $\OML/cmm/m/i
t/10.95 O\OT1/cmr/m/n/10.95 ([] \OML/cmm/m/it/10.95 n [] [] n\OT1/cmr/m/n/10.95 )$
 []

[29] [30]
Overfull \hbox (15.47073pt too wide) in paragraph at lines 1772--1774
[][]\T1/aer/m/n/10.95 Ziel: $\OML/cmm/m/it/10.95 O\OT1/cmr/m/n/10.95 ([] \OML/cmm/m/it/10.95 n [] [] n\OT1/cmr/m/n/10.95
 )$ \T1/aer/m/n/10.95 TI-ME, CREW (EREW) \T1/aer/m/it/10.95 op-ti-mal\T1/aer/m/n/10.95 . (be-kannt ist so-gar $\OML/cmm/
m/it/10.95 O\OT1/cmr/m/n/10.95 ([] \OML/cmm/m/it/10.95 n [][] n\OT1/cmr/m/n/10.95 ))$ 
 []

[31] [32]
Kapitel 5.
[33

] [34]
Overfull \hbox (43.58324pt too wide) in paragraph at lines 1986--1988
[][]$\OML/cmm/m/it/10.95 L \OMS/cmsy/m/n/10.95 2 \OML/cmm/m/it/10.95 P \OMS/cmsy/m/n/10.95 ) 9\OML/cmm/m/it/10.95 TM \OM
S/cmsy/m/n/10.95 2 []\OT1/cmr/m/n/10.95 ([])$ $ = \OMS/cmsy/m/n/10.95 f\OML/cmm/m/it/10.95 a[]; [] ; a[]\OMS/cmsy/m/n/1
0.95 g\OML/cmm/m/it/10.95 ; Q \OT1/cmr/m/n/10.95 = \OMS/cmsy/m/n/10.95 f\OML/cmm/m/it/10.95 q[]; [] ; q[]\OMS/cmsy/m/n/1
0.95 g\OML/cmm/m/it/10.95 ; T\OT1/cmr/m/n/10.95 (\OML/cmm/m/it/10.95 n\OT1/cmr/m/n/10.95 )\OMS/cmsy/m/n/10.95  $\T1/aer/
m/n/10.95 Rechenzeit 
 []

[35] [36]
\tf@thm=\write6


! LaTeX Error: \begin{section} on input line 218 ended by \end{document}.

See the LaTeX manual or LaTeX Companion for explanation.
Type  H <return>  for immediate help.
 ...                                              
                                                  
l.2078 \end{document}
                     
Your command was ignored.
Type  I <command> <return>  to replace it with another command,
or  <return>  to continue without it.

[37] (skript.aux) )
(\end occurred inside a group at level 1)

### semi simple group (level 1) entered at line 218 (\begingroup)
### bottom level 
Here is how much of TeX's memory you used:
 5427 strings out of 95898
 67622 string characters out of 1195288
 126781 words of memory out of 1124414
 8215 multiletter control sequences out of 60000
 33125 words of font info for 65 fonts, out of 500000 for 1000
 14 hyphenation exceptions out of 607
 31i,20n,24p,235b,474s stack positions out of 1500i,500n,5000p,200000b,32768s

Output written on skript.dvi (37 pages, 134520 bytes).
