This is pdfTeX, Version 3.14159-1.10b (Web2C 7.4.5) (format=pdflatex 2004.11.6)  10 APR 2005 15:53
**skript.latex
(./skript.latex{/usr/share/texmf/pdftex/config/pdftex.cfg}
LaTeX2e <2001/06/01>
Babel <v3.7h> and hyphenation patterns for american, french, german, ngerman, n
ohyphenation, loaded.
(/usr/share/texmf/tex/latex/koma-script/scrreprt.cls
Document Class: scrreprt 2004/06/11 v2.9r LaTeX2e KOMA document class
(/usr/share/texmf/tex/latex/koma-script/scrlfile.sty
Package: scrlfile 2004/06/11 v2.9r LaTeX2e KOMA package

Package scrlfile, 2004/06/11 v2.9r LaTeX2e KOMA package
                  Copyright (C) Markus Kohm

) (/usr/share/texmf/tex/latex/base/size11.clo
File: size11.clo 2001/04/21 v1.4e Standard LaTeX file (size option)
)
(/usr/share/texmf/tex/latex/koma-script/typearea.sty
Package: typearea 2004/06/11 v2.9r LaTeX2e KOMA package

Package typearea, 2004/06/11 v2.9r LaTeX2e KOMA package
                  Copyright (C) Frank Neukam, 1992-1994
                  Copyright (C) Markus Kohm, 1994-2002

\ta@bcor=\skip41
\ta@div=\count79
\ta@hblk=\skip42
\ta@vblk=\skip43
\ta@temp=\skip44
Package typearea Info: These are the values describing the layout:
(typearea)             DIV  = 10
(typearea)             BCOR = 0.0pt
(typearea)             \paperwidth      = 597.50793pt
(typearea)              \textwidth      = 418.25555pt
(typearea)              \columnwidth    = 0.0pt
(typearea)              \columnsep      = 0.0pt
(typearea)              DIV-departure   = -6/100
(typearea)              \evensidemargin = 47.2316pt
(typearea)              \oddsidemargin  = -12.5192pt
(typearea)             \paperheight     = 845.04694pt
(typearea)              \textheight     = 595.80026pt
(typearea)              \topmargin      = -25.16531pt
(typearea)              \headheight     = 17.0pt
(typearea)              \headsep        = 20.40001pt
(typearea)              \topskip        = 11.0pt
(typearea)              \footskip       = 47.60002pt
(typearea)              \baselineskip   = 13.6pt
(typearea)              on input line 633.
)
\c@part=\count80
\c@chapter=\count81
\c@section=\count82
\c@subsection=\count83
\c@subsubsection=\count84
\c@paragraph=\count85
\c@subparagraph=\count86
\c@figure=\count87
\c@table=\count88
\abovecaptionskip=\skip45
\belowcaptionskip=\skip46
\c@pti@nb@sid@b@x=\box26
\bibindent=\dimen102
) (/usr/share/texmf/tex/latex/misc/a4wide.sty
Package: a4wide 1994/08/30

(/usr/share/texmf/tex/latex/ntgclass/a4.sty
Package: a4 1999/03/03 v1.2f A4 based page layout
))
(/usr/share/texmf/tex/latex/base/makeidx.sty
Package: makeidx 2000/03/29 v1.0m Standard LaTeX package
)
(/usr/share/texmf/tex/latex/base/fontenc.sty
Package: fontenc 2001/06/05 v1.94 Standard LaTeX package

(/usr/share/texmf/tex/latex/base/t1enc.def
File: t1enc.def 2001/06/05 v1.94 Standard LaTeX file
LaTeX Font Info:    Redeclaring font encoding T1 on input line 38.
))
(/usr/share/texmf/tex/latex/base/inputenc.sty
Package: inputenc 2001/07/10 v0.99a Input encoding file 

(/usr/share/texmf/tex/latex/base/latin1.def
File: latin1.def 2001/07/10 v0.99a Input encoding file 
))
(/usr/share/texmf/tex/generic/german/ngerman.sty v2.5e 1998-07-08
Package: ngerman 1998/07/08 v2.5e Support for writing german texts (br)
\grmnU@D=\dimen103
)
(/usr/share/texmf/tex/latex/graphics/graphicx.sty
Package: graphicx 1999/02/16 v1.0f Enhanced LaTeX Graphics (DPC,SPQR)

(/usr/share/texmf/tex/latex/graphics/keyval.sty
Package: keyval 1999/03/16 v1.13 key=value parser (DPC)
\KV@toks@=\toks14
)
(/usr/share/texmf/tex/latex/graphics/graphics.sty
Package: graphics 2001/07/07 v1.0n Standard LaTeX Graphics (DPC,SPQR)

(/usr/share/texmf/tex/latex/graphics/trig.sty
Package: trig 1999/03/16 v1.09 sin cos tan (DPC)
)
(/usr/share/texmf/tex/latex/config/graphics.cfg
File: graphics.cfg 2001/08/31 v1.1 graphics configuration of teTeX/TeXLive
)
Package graphics Info: Driver file: pdftex.def on input line 80.

(/usr/share/texmf/tex/latex/graphics/pdftex.def
File: pdftex.def 2002/06/19 v0.03k graphics/color for pdftex
\Gread@gobject=\count89
))
\Gin@req@height=\dimen104
\Gin@req@width=\dimen105
)
(/usr/share/texmf/tex/latex/tools/delarray.sty
Package: delarray 1994/03/14 v1.01 array delimiter package (DPC)

(/usr/share/texmf/tex/latex/tools/array.sty
Package: array 1998/05/13 v2.3m Tabular extension package (FMi)
\col@sep=\dimen106
\extrarowheight=\dimen107
\NC@list=\toks15
\extratabsurround=\skip47
\backup@length=\skip48
))
(/usr/share/texmf/tex/latex/graphics/epsfig.sty
Package: epsfig 1999/02/16 v1.7a (e)psfig emulation (SPQR)
\epsfxsize=\dimen108
\epsfysize=\dimen109
)
(/usr/share/texmf/tex/latex/misc/boxedminipage.sty)
(/usr/share/texmf/tex/generic/pictex/pictex.sty
(/usr/share/texmf/tex/generic/pictex/prepictex.tex)
(/usr/share/texmf/tex/generic/pictex/pictex.tex)
(/usr/share/texmf/tex/generic/pictex/postpictex.tex)
(/usr/share/texmf/tex/generic/pictex/picmore.tex))
(/usr/share/texmf/tex/latex/graphics/color.sty
Package: color 1999/02/16 v1.0i Standard LaTeX Color (DPC)

(/usr/share/texmf/tex/latex/config/color.cfg
File: color.cfg 2001/08/31 v1.1 color configuration of teTeX/TeXLive
)
Package color Info: Driver file: pdftex.def on input line 125.
)
(/usr/share/texmf/tex/latex/amsfonts/amssymb.sty
Package: amssymb 2002/01/22 v2.2d

(/usr/share/texmf/tex/latex/amsfonts/amsfonts.sty
Package: amsfonts 2001/10/25 v2.2f
\@emptytoks=\toks19
\symAMSa=\mathgroup4
\symAMSb=\mathgroup5
LaTeX Font Info:    Overwriting math alphabet `\mathfrak' in version `bold'
(Font)                  U/euf/m/n --> U/euf/b/n on input line 132.
))
(/usr/share/texmf/tex/latex/amsmath/amsmath.sty
Package: amsmath 2000/07/18 v2.13 AMS math features
\@mathmargin=\skip49

For additional information on amsmath, use the `?' option.
(/usr/share/texmf/tex/latex/amsmath/amstext.sty
Package: amstext 2000/06/29 v2.01

(/usr/share/texmf/tex/latex/amsmath/amsgen.sty
File: amsgen.sty 1999/11/30 v2.0
\@emptytoks=\toks20
\ex@=\dimen220
))
(/usr/share/texmf/tex/latex/amsmath/amsbsy.sty
Package: amsbsy 1999/11/29 v1.2d
\pmbraise@=\dimen221
)
(/usr/share/texmf/tex/latex/amsmath/amsopn.sty
Package: amsopn 1999/12/14 v2.01 operator names
)
\inf@bad=\count106
LaTeX Info: Redefining \frac on input line 211.
\uproot@=\count107
\leftroot@=\count108
LaTeX Info: Redefining \overline on input line 307.
\classnum@=\count109
\DOTSCASE@=\count110
LaTeX Info: Redefining \ldots on input line 379.
LaTeX Info: Redefining \dots on input line 382.
LaTeX Info: Redefining \cdots on input line 467.
\Mathstrutbox@=\box33
\strutbox@=\box34
\big@size=\dimen222
LaTeX Font Info:    Redeclaring font encoding OML on input line 567.
LaTeX Font Info:    Redeclaring font encoding OMS on input line 568.
\macc@depth=\count111
\c@MaxMatrixCols=\count112
\dotsspace@=\muskip10
\c@parentequation=\count113
\dspbrk@lvl=\count114
\tag@help=\toks21
\row@=\count115
\column@=\count116
\maxfields@=\count117
\andhelp@=\toks22
\eqnshift@=\dimen223
\alignsep@=\dimen224
\tagshift@=\dimen225
\tagwidth@=\dimen226
\totwidth@=\dimen227
\lineht@=\dimen228
\@envbody=\toks23
\multlinegap=\skip50
\multlinetaggap=\skip51
\mathdisplay@stack=\toks24
LaTeX Info: Redefining \[ on input line 2666.
LaTeX Info: Redefining \] on input line 2667.
)
(/usr/share/texmf/tex/latex/tools/theorem.sty
Package: theorem 1995/11/23 v2.2c Theorem extension package (FMi)
\theorem@style=\toks25
\theorem@bodyfont=\toks26
\theorempreskipamount=\skip52
\theorempostskipamount=\skip53

(/usr/share/texmf/tex/latex/tools/thp.sty
File: thp.sty 1995/11/23 v2.2c Theorem extension package (FMi)
))
(/usr/share/texmf/tex/latex/fancyhdr/fancyhdr.sty
\headwidth=\dimen229
)
\@indexfile=\write4
\openout4 = `skript.idx'.


Writing index file skript.idx
(/usr/share/texmf/tex/latex/tools/thb.sty
File: thb.sty 1995/11/23 v2.2c Theorem extension package (FMi)
)
\c@Ax=\count118
\c@Bsp=\count119
\c@Satz=\count120


LaTeX Warning: Unused global option(s):
    [12pti].

(./skript.aux)
\openout1 = `skript.aux'.

LaTeX Font Info:    Checking defaults for OML/cmm/m/it on input line 56.
LaTeX Font Info:    ... okay on input line 56.
LaTeX Font Info:    Checking defaults for T1/cmr/m/n on input line 56.
LaTeX Font Info:    ... okay on input line 56.
LaTeX Font Info:    Checking defaults for OT1/cmr/m/n on input line 56.
LaTeX Font Info:    ... okay on input line 56.
LaTeX Font Info:    Checking defaults for OMS/cmsy/m/n on input line 56.
LaTeX Font Info:    ... okay on input line 56.
LaTeX Font Info:    Checking defaults for OMX/cmex/m/n on input line 56.
LaTeX Font Info:    ... okay on input line 56.
LaTeX Font Info:    Checking defaults for U/cmr/m/n on input line 56.
LaTeX Font Info:    ... okay on input line 56.
 (/usr/share/texmf/tex/context/base/supp-pdf.tex
(/usr/share/texmf/tex/context/base/supp-mis.tex
loading : Context Support Macros / Missing
\protectiondepth=\count121
\scratchcounter=\count122
\scratchtoks=\toks27
\scratchdimen=\dimen230
\scratchskip=\skip54
\scratchmuskip=\muskip11
\scratchbox=\box35
\scratchread=\read1
\scratchwrite=\write5
\zeropoint=\dimen231
\minusone=\count123
\thousandpoint=\dimen232
\emptytoks=\toks28
\nextbox=\box36
\nextdepth=\dimen233
\everyline=\toks29
\!!counta=\count124
\!!countb=\count125
\recursecounter=\count126
)
loading : Context Support Macros / PDF
\nofMPsegments=\count127
\nofMParguments=\count128
\everyMPtoPDFconversion=\toks30
)
LaTeX Font Info:    Try loading font information for T1+cmss on input line 65.
 (/usr/share/texmf/tex/latex/base/t1cmss.fd
File: t1cmss.fd 1999/05/25 v2.5h Standard LaTeX font definitions
)
LaTeX Font Info:    Try loading font information for U+msa on input line 65.

(/usr/share/texmf/tex/latex/amsfonts/umsa.fd
File: umsa.fd 2002/01/19 v2.2g AMS font definitions
)
LaTeX Font Info:    Try loading font information for U+msb on input line 65.

(/usr/share/texmf/tex/latex/amsfonts/umsb.fd
File: umsb.fd 2002/01/19 v2.2g AMS font definitions
) [1


{/usr/share/texmf/dvips/config/pdftex.map}] [2

] (./skript.toc)
\tf@toc=\write6
\openout6 = `skript.toc'.

 [3

]
Kapitel 1.
LaTeX Font Info:    Try loading font information for OMS+cmr on input line 88.
(/usr/share/texmf/tex/latex/base/omscmr.fd
File: omscmr.fd 1999/05/25 v2.5h Standard LaTeX font definitions
)
LaTeX Font Info:    Font shape `OMS/cmr/m/n' in size <10.95> not available
(Font)              Font shape `OMS/cmsy/m/n' tried instead on input line 88.
 [4

]
Overfull \hbox (18.02924pt too wide) in paragraph at lines 138--142
/cmr10@10.95pt/
 = []$  /ecsl1095/mög-lich wä-re $/cmr10@10.95pt/
 = []$ /ecsl1095/oder $/cmr10@10.95pt/
 = /msbm10@10.95pt/R$/ecsl1095/,  $[]$ |
 []

LaTeX Font Info:    Font shape `OMS/cmr/m/sl' in size <10.95> not available
(Font)              Font shape `OMS/cmsy/m/n' tried instead on input line 171.
[5]
Underfull \hbox (badness 10000) in paragraph at lines 234--237

 []


Underfull \hbox (badness 10000) in paragraph at lines 237--240

 []

LaTeX Font Info:    Try loading font information for U+euf on input line 247.
(/usr/share/texmf/tex/latex/amsfonts/ueuf.fd
File: ueuf.fd 2002/01/19 v2.2g AMS font definitions
) [6]
Underfull \hbox (badness 10000) in paragraph at lines 260--265

 []


Underfull \hbox (badness 10000) in paragraph at lines 292--293

 []


Underfull \hbox (badness 10000) in paragraph at lines 326--327

 []

[7]
Underfull \hbox (badness 10000) in paragraph at lines 351--352

 []

[8] (./figures/satz11abb01.pictex

LaTeX Font Warning: Font shape `T1/cmr/m/n' in size <20> not available
(Font)              size <20.74> substituted on input line 61.

LaTeX Font Info:    Calculating math sizes for size <20> on input line 61.

LaTeX Font Warning: Font shape `OT1/cmr/m/n' in size <20> not available
(Font)              size <20.74> substituted on input line 61.


LaTeX Font Warning: Font shape `OT1/cmr/m/n' in size <13.99994> not available
(Font)              size <14.4> substituted on input line 61.


LaTeX Font Warning: Font shape `OML/cmm/m/it' in size <20> not available
(Font)              size <20.74> substituted on input line 61.


LaTeX Font Warning: Font shape `OML/cmm/m/it' in size <13.99994> not available
(Font)              size <14.4> substituted on input line 61.


LaTeX Font Warning: Font shape `OMS/cmsy/m/n' in size <20> not available
(Font)              size <20.74> substituted on input line 61.


LaTeX Font Warning: Font shape `OMS/cmsy/m/n' in size <13.99994> not available
(Font)              size <14.4> substituted on input line 61.


LaTeX Font Warning: Font shape `OMX/cmex/m/n' in size <20> not available
(Font)              size <20.74> substituted on input line 61.


LaTeX Font Warning: Font shape `OMX/cmex/m/n' in size <13.99994> not available
(Font)              size <14.4> substituted on input line 61.


LaTeX Font Warning: Font shape `U/msa/m/n' in size <20> not available
(Font)              size <20.74> substituted on input line 61.


LaTeX Font Warning: Font shape `U/msa/m/n' in size <13.99994> not available
(Font)              size <14.4> substituted on input line 61.


LaTeX Font Warning: Font shape `U/msb/m/n' in size <20> not available
(Font)              size <20.74> substituted on input line 61.


LaTeX Font Warning: Font shape `U/msb/m/n' in size <13.99994> not available
(Font)              size <14.4> substituted on input line 61.


LaTeX Font Warning: Font shape `U/euf/m/n' in size <20> not available
(Font)              size <20.74> substituted on input line 61.


LaTeX Font Warning: Font shape `U/euf/m/n' in size <13.99994> not available
(Font)              size <14.4> substituted on input line 61.

) (./figures/satz11abb02.pictex)
Underfull \hbox (badness 10000) in paragraph at lines 407--411

 []


Underfull \hbox (badness 10000) in paragraph at lines 425--426

 []


Underfull \hbox (badness 10000) in paragraph at lines 426--427

 []

[9]
Underfull \hbox (badness 10000) in paragraph at lines 427--428

 []


Underfull \hbox (badness 10000) in paragraph at lines 452--457

 []


Underfull \hbox (badness 10000) in paragraph at lines 457--459

 []


Underfull \hbox (badness 10000) in paragraph at lines 461--467

 []

[10]
Underfull \hbox (badness 10000) in paragraph at lines 490--491

 []


Underfull \hbox (badness 10000) in paragraph at lines 503--504

 []

[11]
Underfull \hbox (badness 10000) in paragraph at lines 556--561

 []


Underfull \hbox (badness 10000) in paragraph at lines 561--563

 []


Underfull \hbox (badness 10000) in paragraph at lines 563--565

 []


Underfull \hbox (badness 10000) in paragraph at lines 565--567

 []


Underfull \hbox (badness 10000) in paragraph at lines 570--572

 []


Underfull \hbox (badness 10000) in paragraph at lines 572--573

 []


Underfull \hbox (badness 10000) in paragraph at lines 580--581

 []


Underfull \hbox (badness 10000) in paragraph at lines 581--583

 []

[12]
Underfull \hbox (badness 10000) in paragraph at lines 583--585

 []


Underfull \hbox (badness 10000) in paragraph at lines 586--587

 []


Underfull \hbox (badness 10000) in paragraph at lines 587--592

 []


Underfull \hbox (badness 10000) in paragraph at lines 593--594

 []


Underfull \hbox (badness 10000) in paragraph at lines 596--601

 []

[13]
Underfull \hbox (badness 10000) in paragraph at lines 614--617

 []


Underfull \hbox (badness 10000) in paragraph at lines 632--633

 []


Underfull \hbox (badness 10000) in paragraph at lines 653--655

 []

[14] [15] (./figures/def15.pictex) [16] [17] (./figures/gv01.pictex)
(./figures/gv02.pictex)
Underfull \hbox (badness 10000) in paragraph at lines 837--842

 []

[18] (./figures/gv03.pictex)

Package amsmath Warning: Foreign command \atop;
(amsmath)                \frac or \genfrac should be used instead
(amsmath)                 on input line 862.

(./figures/gv04.pictex)
Underfull \hbox (badness 10000) in paragraph at lines 878--887

 []


LaTeX Warning: `h' float specifier changed to `ht'.

[19] (./figures/gv05.pictex
LaTeX Font Info:    Calculating math sizes for size <14> on input line 163.
)

LaTeX Warning: `h' float specifier changed to `ht'.


Overfull \hbox (154.1066pt too wide) in paragraph at lines 924--951
/ecsl1095/Gesucht ist die Wahr-schein-lich-keit, dass die Na-del ei-ne Ge-ra-de
 (Li-nie) schnei-det. []|
 []

[20]

LaTeX Warning: `h' float specifier changed to `ht'.

[21] (./figures/nv01.pictex)
Underfull \hbox (badness 10000) in paragraph at lines 1010--1016

 []

[22]
Underfull \hbox (badness 10000) in paragraph at lines 1043--1045

 []

[23]
Underfull \hbox (badness 10000) in paragraph at lines 1106--1109

 []

[24]
Underfull \hbox (badness 10000) in paragraph at lines 1123--1140

 []


Underfull \hbox (badness 10000) in paragraph at lines 1163--1165

 []

[25]
Underfull \hbox (badness 10000) in paragraph at lines 1183--1189

 []


Underfull \hbox (badness 10000) in paragraph at lines 1218--1220

 []

[26]
Underfull \hbox (badness 10000) in paragraph at lines 1231--1235

 []

[27]
Underfull \hbox (badness 10000) in paragraph at lines 1284--1286

 []


Underfull \hbox (badness 1460) in paragraph at lines 1309--1310
/ecsl1095/füllt sein, kei-
 []


Overfull \hbox (3.5185pt too wide) in paragraph at lines 1300--1311
[]$ $[]$ |
 []


Underfull \hbox (badness 10000) in paragraph at lines 1313--1328

 []

[28]
Underfull \hbox (badness 10000) in paragraph at lines 1359--1361

 []


Overfull \hbox (21.87068pt too wide) in paragraph at lines 1377--1383
[]$[] /cmmi10@10.95pt/p/cmr10@10.95pt/([]) [] 1 = [] [] [] = [][] /cmmi10@10.95
pt/p[]/cmr10@10.95pt/(1 /cmsy10@10.95pt/^^@ /cmmi10@10.95pt/p/cmr10@10.95pt/)[]
 [] [] |
 []


Underfull \hbox (badness 10000) in paragraph at lines 1384--1386

 []

[29]
Underfull \hbox (badness 10000) in paragraph at lines 1431--1433

 []

[30]
Underfull \hbox (badness 10000) in paragraph at lines 1439--1446

 []

(./figures/vf01.pictex)

LaTeX Warning: `h' float specifier changed to `ht'.

(./figures/vf02.pictex)

LaTeX Warning: `h' float specifier changed to `ht'.

[31]
Underfull \hbox (badness 10000) in paragraph at lines 1497--1498

 []


Underfull \hbox (badness 10000) in paragraph at lines 1517--1521

 []

[32] (./figures/vf03.pictex) (./chapter2.tex [33]
Kapitel 2.
[34

]
Underfull \hbox (badness 10000) in paragraph at lines 71--72

 []

[35] [36]
Underfull \hbox (badness 10000) in paragraph at lines 171--175

 []

[37]
Underfull \hbox (badness 10000) in paragraph at lines 197--198

 []


Underfull \hbox (badness 10000) in paragraph at lines 199--200

 []

[38]
Underfull \hbox (badness 10000) in paragraph at lines 245--246

 []

[39]
Underfull \hbox (badness 10000) in paragraph at lines 318--319

 []

(./figures/gvek.pictex)

LaTeX Warning: `h' float specifier changed to `ht'.

[40]
Underfull \hbox (badness 10000) in paragraph at lines 341--344

 []


Underfull \hbox (badness 10000) in paragraph at lines 387--388

 []

[41]
Underfull \hbox (badness 10000) in paragraph at lines 404--407

 []


Underfull \hbox (badness 10000) in paragraph at lines 415--416

 []


Underfull \hbox (badness 10000) in paragraph at lines 420--422

 []

[42]
Underfull \hbox (badness 10000) in paragraph at lines 439--440

 []


Underfull \hbox (badness 10000) in paragraph at lines 472--473

 []

[43] [44]
Underfull \hbox (badness 10000) in paragraph at lines 567--568

 []


Overfull \hbox (24.0317pt too wide) in paragraph at lines 569--571
[]/ecrm1095/Simulation auf ei-ner $/cmr10@10.95pt/[0/cmmi10@10.95pt/; /cmr10@10
.95pt/1]$ /ecrm1095/gleich-ver-teil-ten Zu-falls-grö-ÿe . Un-ab-hän-gig-keit wä
hlt Zah-len $/cmmi10@10.95pt/![]; ![]; [] /cmsy10@10.95pt/2|
 []


Underfull \hbox (badness 10000) in paragraph at lines 579--582

 []

[45]
Underfull \hbox (badness 10000) in paragraph at lines 583--584

 []


Underfull \hbox (badness 10000) in paragraph at lines 589--591

 []

(./figures/sim01.pictex) (./figures/sim02.pictex)
Underfull \hbox (badness 10000) in paragraph at lines 612--613

 []

[46] (./figures/sim03.pictex) [47] (./figures/sim04.pictex) [48]
Underfull \hbox (badness 10000) in paragraph at lines 716--717

 []


Underfull \hbox (badness 10000) in paragraph at lines 744--745

 []

[49]
Underfull \hbox (badness 10000) in paragraph at lines 758--761

 []


Underfull \hbox (badness 10000) in paragraph at lines 773--774

 []

[50]
Underfull \hbox (badness 10000) in paragraph at lines 808--812

 []

[51]
Underfull \hbox (badness 10000) in paragraph at lines 830--834

 []

(./figures/sim05.pictex)
Underfull \hbox (badness 10000) in paragraph at lines 866--869

 []

[52] [53] [54]
Underfull \hbox (badness 10000) in paragraph at lines 981--983

 []

[55] (./figures/ew01.pictex) [56]
Underfull \hbox (badness 10000) in paragraph at lines 1078--1079

 []

[57] (./figures/ew02.pictex)
Overfull \hbox (41.75256pt too wide) in paragraph at lines 258--1099
 [][] |
 []

(./figures/ew03.pictex)
Overfull \hbox (41.75256pt too wide) in paragraph at lines 171--1104
 [][] |
 []

[58]
Underfull \hbox (badness 10000) in paragraph at lines 1181--1182

 []

[59]
Overfull \hbox (11.79654pt too wide) detected at line 1189
/msbm10@10.95pt/E/cmsy10@10.95pt/j/cmmi10@10.95pt/X/cmsy10@10.95pt/j ^^T []/msb
m10@10.95pt/E/cmsy10@10.95pt/j/cmmi10@10.95pt/X/cmsy10@10.95pt/j[] /cmr10@10.95
pt/+ [] /cmmi10@10.95pt/< /cmsy10@10.95pt/1  !  /msbm10@10.95pt/E/cmsy10@10.95p
t/j/cmmi10@10.95pt/X/cmsy10@10.95pt/j /cmr10@10.95pt/= [] []|
 []

[60] [61] [62] (./figures/var01.pictex) [63]
Underfull \hbox (badness 10000) in paragraph at lines 1380--1383

 []

[64]
Overfull \hbox (51.09087pt too wide) detected at line 1424
[]|
 []

[65]) (./chapter3.tex [66]
Kapitel 3.

Underfull \hbox (badness 10000) in paragraph at lines 41--42

 []

[67

]
Underfull \hbox (badness 10000) in paragraph at lines 79--82

 []

[68]
Underfull \hbox (badness 10000) in paragraph at lines 126--127

 []

(./figures/gw01.pictex) (./figures/gw02.pictex) [69]
Underfull \hbox (badness 10000) in paragraph at lines 160--164

 []


Underfull \hbox (badness 10000) in paragraph at lines 184--185

 []

[70]
Underfull \hbox (badness 10000) in paragraph at lines 199--207

 []

) (./skript.ind [71]
Overfull \hbox (2.06062pt too wide) in paragraph at lines 66--67
[]/ecrm1095/klassische Ver-tei-lung, /ecti1095/sie-he /ecrm1095/Gleich-ver-tei-
lung |
 []

[72



] [73

]) (./skript.aux)

LaTeX Font Warning: Size substitutions with differences
(Font)              up to 0.74pt have occurred.

 ) 
Here is how much of TeX's memory you used:
 4082 strings out of 95437
 48814 string characters out of 1190233
 168042 words of memory out of 1000001
 6884 multiletter control sequences out of 10000+50000
 38742 words of font info for 100 fonts, out of 500000 for 1000
 14 hyphenation exceptions out of 1000
 30i,23n,43p,296b,690s stack positions out of 1500i,500n,5000p,200000b,5000s
 321 PDF objects out of 300000
 0 named destinations out of 131072
 0 words of extra memory for PDF output out of 65536
</usr/share/texmf/fonts/type1/public/tt2001/fmex8.pfb></usr/share/texmf/fonts
/type1/bluesky/symbols/msam10.pfb> </var/cache/fonts/pk/ljfour/jknappen/ec/ecso
1200.600pk></usr/share/texmf/fonts/type1/bluesky/symbols/msbm7.pfb>{/usr/share/
texmf/dvips/tetex/aae443f0.enc}</usr/share/texmf/fonts/type1/bluesky/cm/cmmi7.p
fb>{/usr/share/texmf/dvips/tetex/f7b6d320.enc}</usr/share/texmf/fonts/type1/blu
esky/cm/cmr7.pfb> </var/cache/fonts/pk/ljfour/jknappen/ec/ecso1095.600pk></usr/
share/texmf/fonts/type1/bluesky/euler/eufm7.pfb> </var/cache/fonts/pk/ljfour/jk
nappen/ec/ecti1095.600pk>{/usr/share/texmf/dvips/tetex/bbad153f.enc}</usr/share
/texmf/fonts/type1/bluesky/cm/cmsy6.pfb> </var/cache/fonts/pk/ljfour/jknappen/e
c/ecrm1200.600pk></usr/share/texmf/fonts/type1/bluesky/cm/cmr6.pfb> </var/cache
/fonts/pk/ljfour/jknappen/ec/ecrm2074.600pk>{/usr/share/texmf/dvips/tetex/0ef0a
fca.enc}</usr/share/texmf/fonts/type1/bluesky/cm/cmr5.pfb> </var/cache/fonts/pk
/ljfour/jknappen/ec/ecsl1200.600pk></usr/share/texmf/fonts/type1/bluesky/cm/cmm
i6.pfb></usr/share/texmf/fonts/type1/bluesky/symbols/msbm7.pfb> </var/cache/fon
ts/pk/ljfour/jknappen/ec/ecsl0800.600pk></usr/share/texmf/fonts/type1/bluesky/c
m/cmsy8.pfb> </var/cache/fonts/pk/ljfour/jknappen/ec/ecrm0800.600pk></usr/share
/texmf/fonts/type1/bluesky/euler/eufm10.pfb> </var/cache/fonts/pk/ljfour/jknapp
en/ec/ecsx1200.600pk></usr/share/texmf/fonts/type1/bluesky/cm/cmr12.pfb></usr/s
hare/texmf/fonts/type1/bluesky/symbols/msbm10.pfb></usr/share/texmf/fonts/type1
/bluesky/cm/cmmi12.pfb></usr/share/texmf/fonts/type1/bluesky/cm/cmr17.pfb></usr
/share/texmf/fonts/type1/bluesky/cm/cmex10.pfb> </var/cache/fonts/pk/ljfour/jkn
appen/ec/ecsl1095.600pk></usr/share/texmf/fonts/type1/bluesky/cm/cmmi8.pfb></us
r/share/texmf/fonts/type1/bluesky/cm/cmr8.pfb> </var/cache/fonts/pk/ljfour/jkna
ppen/ec/ecbx1095.600pk> </var/cache/fonts/pk/ljfour/jknappen/ec/ecsx1440.600pk>
</usr/share/texmf/fonts/type1/bluesky/cm/cmmi10.pfb></usr/share/texmf/fonts/typ
e1/bluesky/cm/cmr10.pfb> </var/cache/fonts/pk/ljfour/jknappen/ec/ecrm1095.600pk
> </var/cache/fonts/pk/ljfour/jknappen/ec/ecsx1095.600pk> </var/cache/fonts/pk/
ljfour/jknappen/ec/ecrm1000.600pk></usr/share/texmf/fonts/type1/bluesky/cm/cmsy
7.pfb></usr/share/texmf/fonts/type1/bluesky/cm/cmsy10.pfb> </var/cache/fonts/pk
/ljfour/jknappen/ec/ecrm1440.600pk> </var/cache/fonts/pk/ljfour/jknappen/ec/ecs
x2074.600pk>
Output written on skript.pdf (73 pages, 654214 bytes).
